ParseStarterProject/build/intermediates/manifest_merge_blame_file/debug/manifest-merger-blame-debug-report.txt
1<?xml version="1.0" encoding="utf-8"?>
2<!--
3  ~ Copyright (c) 2015-present, Parse, LLC.
4  ~ All rights reserved.
5  ~
6  ~ This source code is licensed under the BSD-style license found in the
7  ~ LICENSE file in the root directory of this source tree. An additional grant
8  ~ of patent rights can be found in the PATENTS file in the same directory.
9-->
10<manifest xmlns:android="http://schemas.android.com/apk/res/android"
11    package="com.parse.starter"
12    android:versionCode="1"
13    android:versionName="1.0" >
14
15    <uses-sdk
16        android:minSdkVersion="23"
16-->src\main\AndroidManifest.xml
17        android:targetSdkVersion="29" />
17-->src\main\AndroidManifest.xml
18
19    <uses-permission android:name="android.permission.INTERNET" />
19-->src\main\AndroidManifest.xml:12:5-67
19-->src\main\AndroidManifest.xml:12:22-64
20    <uses-permission android:name="android.permission.ACCESS_NETWORK_STATE" />
20-->src\main\AndroidManifest.xml:13:5-79
20-->src\main\AndroidManifest.xml:13:22-76
21    <uses-permission android:name="android.permission.READ_EXTERNAL_STORAGE" />
21-->src\main\AndroidManifest.xml:14:5-80
21-->src\main\AndroidManifest.xml:14:22-77
22    <uses-permission android:name="android.permission.ACCESS_FINE_LOCATION" />
22-->src\main\AndroidManifest.xml:16:5-79
22-->src\main\AndroidManifest.xml:16:22-76
23
24    <uses-feature
24-->[com.google.android.gms:play-services-maps:17.0.0] AndroidManifest.xml:26:5-28:35
25        android:glEsVersion="0x00020000"
25-->[com.google.android.gms:play-services-maps:17.0.0] AndroidManifest.xml:27:9-41
26        android:required="true" />
26-->[com.google.android.gms:play-services-maps:17.0.0] AndroidManifest.xml:28:9-32
27
28    <application
28-->src\main\AndroidManifest.xml:18:5-38:19
29        android:name="com.parse.starter.StarterApplication"
29-->src\main\AndroidManifest.xml:19:9-43
30        android:allowBackup="true"
30-->src\main\AndroidManifest.xml:20:9-35
31        android:appComponentFactory="androidx.core.app.CoreComponentFactory"
31-->[androidx.core:core:1.1.0] AndroidManifest.xml:24:18-86
32        android:debuggable="true"
33        android:extractNativeLibs="false"
34        android:icon="@mipmap/ic_launcher"
34-->src\main\AndroidManifest.xml:21:9-43
35        android:label="@string/app_name"
35-->src\main\AndroidManifest.xml:22:9-41
36        android:testOnly="true"
37        android:theme="@style/AppTheme"
37-->src\main\AndroidManifest.xml:23:9-40
38        android:usesCleartextTraffic="true" >
38-->src\main\AndroidManifest.xml:24:9-44
39        <activity
39-->src\main\AndroidManifest.xml:27:9-35:20
40            android:name="com.parse.starter.MainActivity"
40-->src\main\AndroidManifest.xml:28:13-41
41            android:label="@string/app_name" >
41-->src\main\AndroidManifest.xml:29:13-45
42            <intent-filter>
42-->src\main\AndroidManifest.xml:30:13-34:29
43                <action android:name="android.intent.action.MAIN" />
43-->src\main\AndroidManifest.xml:31:17-69
43-->src\main\AndroidManifest.xml:31:25-66
44
45                <category android:name="android.intent.category.LAUNCHER" />
45-->src\main\AndroidManifest.xml:33:17-77
45-->src\main\AndroidManifest.xml:33:27-74
46            </intent-filter>
47        </activity>
48
49        <!-- Needs to be explicitly declared on P+ -->
50        <uses-library
50-->[com.google.android.gms:play-services-maps:17.0.0] AndroidManifest.xml:33:9-35:40
51            android:name="org.apache.http.legacy"
51-->[com.google.android.gms:play-services-maps:17.0.0] AndroidManifest.xml:34:13-50
52            android:required="false" />
52-->[com.google.android.gms:play-services-maps:17.0.0] AndroidManifest.xml:35:13-37
53
54        <activity
54-->[com.google.android.gms:play-services-base:17.0.0] AndroidManifest.xml:23:9-26:75
55            android:name="com.google.android.gms.common.api.GoogleApiActivity"
55-->[com.google.android.gms:play-services-base:17.0.0] AndroidManifest.xml:24:13-79
56            android:exported="false"
56-->[com.google.android.gms:play-services-base:17.0.0] AndroidManifest.xml:25:13-37
57            android:theme="@android:style/Theme.Translucent.NoTitleBar" />
57-->[com.google.android.gms:play-services-base:17.0.0] AndroidManifest.xml:26:13-72
58
59        <meta-data
59-->[com.google.android.gms:play-services-basement:17.0.0] AndroidManifest.xml:23:9-25:69
60            android:name="com.google.android.gms.version"
60-->[com.google.android.gms:play-services-basement:17.0.0] AndroidManifest.xml:24:13-58
61            android:value="@integer/google_play_services_version" />
61-->[com.google.android.gms:play-services-basement:17.0.0] AndroidManifest.xml:25:13-66
62    </application>
63
64</manifest>